<?xml version="1.0" encoding="UTF-8"?>
<!-- Generated by org.testng.reporters.JUnitXMLReporter -->
<testsuite ignored="1" hostname="RICHA" failures="1" tests="2" name="Error Validation Test" time="11.133" errors="0" timestamp="2024-04-25T16:46:20 IST">
  <testcase classname="rahulshettyacademy.tests.ErrorValidationsTest" name="loginErrorValidations" time="0.712">
    <skipped/>
  </testcase> <!-- loginErrorValidations -->
  <testcase classname="rahulshettyacademy.tests.ErrorValidationsTest" name="loginErrorValidations" time="0.91">
    <failure type="java.lang.AssertionError" message="expected [Login Successfully] but found [Incorrect email or password.]">
      <![CDATA[java.lang.AssertionError: expected [Login Successfully] but found [Incorrect email or password.]
at rahulshettyacademy.tests.ErrorValidationsTest.loginErrorValidations(ErrorValidationsTest.java:33)
at java.base/java.util.ArrayList.forEach(ArrayList.java:1511)
... Removed 37 stack frames]]>
    </failure>
  </testcase> <!-- loginErrorValidations -->
  <testcase classname="rahulshettyacademy.tests.ErrorValidationsTest" name="productErrorValidations" time="0.0">
    <ignored/>
  </testcase> <!-- productErrorValidations -->
</testsuite> <!-- Error Validation Test -->
